<?xml version="1.0" encoding="UTF-8"?>
<!-- Generated by org.testng.reporters.JUnitReportReporter -->
<testsuite skipped="0" hostname="Hala-samir" name="runner.StepRunner" tests="3" failures="0" timestamp="29 Aug 2020 15:55:40 GMT" time="25.495" errors="0">
  <testcase name="runScenario" time="10.140" classname="runner.StepRunner"/>
  <testcase name="runScenario" time="9.232" classname="runner.StepRunner"/>
  <testcase name="runScenario" time="6.123" classname="runner.StepRunner"/>
</testsuite> <!-- runner.StepRunner -->
