<?xml version="1.0" encoding="UTF-8"?>
<!-- Generated by org.testng.reporters.JUnitReportReporter -->
<testsuite skipped="0" hostname="Hala-samir" name="tests.CompareProductsTest" tests="2" failures="0" timestamp="2020-08-06T20:43:41 EET" time="28.515" errors="0">
  <testcase name="userCanViewProductsComparison" time="27.291" classname="tests.CompareProductsTest"/>
  <system-out/>
  <testcase name="userCanClearProductsComparision" time="1.224" classname="tests.CompareProductsTest"/>
  <system-out/>
</testsuite> <!-- tests.CompareProductsTest -->
