<?xml version="1.0" encoding="UTF-8"?>
<!-- Generated by org.testng.reporters.JUnitReportReporter -->
<testsuite skipped="0" hostname="Hala-samir" name="tests.ContactUsTest" tests="1" failures="0" timestamp="2020-08-04T16:32:19 EET" time="3.074" errors="0">
  <testcase name="contactUsTest" time="3.074" classname="tests.ContactUsTest"/>
  <system-out/>
</testsuite> <!-- tests.ContactUsTest -->
