<?xml version="1.0" encoding="UTF-8"?>
<!-- Generated by org.testng.reporters.JUnitReportReporter -->
<testsuite skipped="0" hostname="Hala-samir" name="tests.ReviewProductTest" tests="1" failures="0" timestamp="12 Aug 2020 20:41:02 GMT" time="5.022" errors="0">
  <testcase name="userCanRegisterSuccessfully" time="5.022" classname="tests.ReviewProductTest"/>
</testsuite> <!-- tests.ReviewProductTest -->
