<?xml version="1.0" encoding="UTF-8"?>
<!-- Generated by org.testng.reporters.JUnitReportReporter -->
<testsuite skipped="0" hostname="Hala-samir" name="runner.StepRunner" tests="1" failures="0" timestamp="24 Aug 2020 13:20:22 GMT" time="6.781" errors="0">
  <testcase name="runScenario" time="6.781" classname="runner.StepRunner"/>
</testsuite> <!-- runner.StepRunner -->
