<?xml version="1.0" encoding="UTF-8"?>
<!-- Generated by org.testng.reporters.JUnitReportReporter -->
<testsuite skipped="0" hostname="Hala-samir" name="tests.ReviewProductTest" tests="4" failures="0" timestamp="25 Aug 2020 17:21:35 GMT" time="18.459" errors="0">
  <testcase name="userCanRegisterSuccessfully" time="5.507" classname="tests.ReviewProductTest"/>
  <testcase name="userSearchForProductsUsingAutoSuggestion" time="7.115" classname="tests.ReviewProductTest"/>
  <testcase name="userCanSubmitProductReview" time="3.348" classname="tests.ReviewProductTest"/>
  <testcase name="Logout" time="2.489" classname="tests.ReviewProductTest"/>
</testsuite> <!-- tests.ReviewProductTest -->
