<?xml version="1.0" encoding="UTF-8"?>
<!-- Generated by org.testng.reporters.JUnitReportReporter -->
<testsuite skipped="0" hostname="Hala-samir" name="tests.AddProductToWishListTest" tests="4" failures="0" timestamp="2020-08-05T16:32:55 EET" time="18.603" errors="0">
  <testcase name="userCanRegisterSuccessfully" time="5.336" classname="tests.AddProductToWishListTest"/>
  <system-out/>
  <testcase name="userSearchForProductsUsingAutoSuggestion" time="6.646" classname="tests.AddProductToWishListTest"/>
  <system-out/>
  <testcase name="userCanAddProductToWishList" time="3.260" classname="tests.AddProductToWishListTest"/>
  <system-out/>
  <testcase name="Logout" time="3.361" classname="tests.AddProductToWishListTest"/>
  <system-out/>
</testsuite> <!-- tests.AddProductToWishListTest -->
