<?xml version="1.0" encoding="UTF-8"?>
<!-- Generated by org.testng.reporters.JUnitReportReporter -->
<testsuite skipped="0" hostname="Hala-samir" name="tests.ProductHoverMenuTest" tests="1" failures="0" timestamp="2020-08-05T18:26:22 EET" time="2.652" errors="0">
  <testcase name="userCanSelectSubcateorgyFromMainMenu" time="2.652" classname="tests.ProductHoverMenuTest"/>
  <system-out/>
</testsuite> <!-- tests.ProductHoverMenuTest -->
