<?xml version="1.0" encoding="UTF-8"?>
<!-- Generated by org.testng.reporters.JUnitReportReporter -->
<testsuite skipped="0" hostname="Hala-samir" name="tests.ProductsSearchTest" tests="2" failures="0" timestamp="2020-08-04T13:08:04 EET" time="9.600" errors="0">
  <testcase name="userSearchForProductsUsingAutoSuggestion" time="7.827" classname="tests.ProductsSearchTest"/>
  <system-out/>
  <testcase name="userSearchesForProducts" time="1.773" classname="tests.ProductsSearchTest"/>
  <system-out/>
</testsuite> <!-- tests.ProductsSearchTest -->
