<?xml version="1.0" encoding="UTF-8"?>
<!-- Generated by org.testng.reporters.JUnitReportReporter -->
<testsuite skipped="0" hostname="Hala-samir" name="tests.ProductsSearchTest" tests="1" failures="0" timestamp="12 Aug 2020 20:41:02 GMT" time="7.823" errors="0">
  <testcase name="userSearchForProductsUsingAutoSuggestion" time="7.823" classname="tests.ProductsSearchTest"/>
</testsuite> <!-- tests.ProductsSearchTest -->
