<?xml version="1.0" encoding="UTF-8"?>
<!-- Generated by org.testng.reporters.JUnitReportReporter -->
<testsuite skipped="0" hostname="Hala-samir" name="tests.ProductHoverMenuTest" tests="1" failures="0" timestamp="11 Aug 2020 20:11:02 GMT" time="2.925" errors="0">
  <testcase name="userCanSelectSubcateorgyFromMainMenu" time="2.925" classname="tests.ProductHoverMenuTest"/>
</testsuite> <!-- tests.ProductHoverMenuTest -->
