<?xml version="1.0" encoding="UTF-8"?>
<!-- Generated by org.testng.reporters.JUnitReportReporter -->
<testsuite skipped="0" hostname="Hala-samir" name="tests.ChangeCurrencyTest" tests="2" failures="0" timestamp="2020-08-05T11:19:09 EET" time="10.171" errors="0">
  <testcase name="userCanChangeCurrency" time="2.058" classname="tests.ChangeCurrencyTest"/>
  <system-out/>
  <testcase name="userSearchForProductsUsingAutoSuggestion" time="8.113" classname="tests.ChangeCurrencyTest"/>
  <system-out/>
</testsuite> <!-- tests.ChangeCurrencyTest -->
