<?xml version="1.0" encoding="UTF-8"?>
<!-- Generated by org.testng.reporters.JUnitReportReporter -->
<testsuite skipped="0" hostname="Hala-samir" name="tests.RegistrationTTDusingPropertiesTest" tests="3" failures="0" timestamp="18 Aug 2020 10:51:29 GMT" time="7.944" errors="0">
  <testcase name="userCanRegisterSuccessfully" time="4.469" classname="tests.RegistrationTTDusingPropertiesTest"/>
  <testcase name="Logout" time="1.307" classname="tests.RegistrationTTDusingPropertiesTest"/>
  <testcase name="userCanLogin" time="2.168" classname="tests.RegistrationTTDusingPropertiesTest"/>
</testsuite> <!-- tests.RegistrationTTDusingPropertiesTest -->
