<?xml version="1.0" encoding="UTF-8"?>
<!-- Generated by org.testng.reporters.JUnitReportReporter -->
<testsuite skipped="0" hostname="Hala-samir" name="tests.EmailFriendTest" tests="4" failures="0" timestamp="2020-08-05T14:16:55 EET" time="15.320" errors="0">
  <testcase name="userCanRegisterSuccessfully" time="4.881" classname="tests.EmailFriendTest"/>
  <system-out/>
  <testcase name="userSearchForProductsUsingAutoSuggestion" time="6.683" classname="tests.EmailFriendTest"/>
  <system-out/>
  <testcase name="emailFriend" time="2.422" classname="tests.EmailFriendTest"/>
  <system-out/>
  <testcase name="Logout" time="1.334" classname="tests.EmailFriendTest"/>
  <system-out/>
</testsuite> <!-- tests.EmailFriendTest -->
