<?xml version="1.0" encoding="UTF-8"?>
<!-- Generated by org.testng.reporters.JUnitReportReporter -->
<testsuite skipped="0" hostname="Hala-samir" name="tests.ShoppingCartTest" tests="3" failures="0" timestamp="2020-08-06T21:17:23 EET" time="18.696" errors="0">
  <testcase name="userCanAddtoShoppingCart" time="13.747" classname="tests.ShoppingCartTest"/>
  <system-out/>
  <testcase name="userCanChnageQuantityOfShoppingCart" time="1.211" classname="tests.ShoppingCartTest"/>
  <system-out/>
  <testcase name="userCanRemoveFromShoppingCart" time="3.738" classname="tests.ShoppingCartTest"/>
  <system-out/>
</testsuite> <!-- tests.ShoppingCartTest -->
