<?xml version="1.0" encoding="UTF-8"?>
<!-- Generated by org.testng.reporters.JUnitReportReporter -->
<testsuite skipped="0" hostname="Hala-samir" name="tests.UserRegistrationDDTusingCSVFileTest" tests="1" failures="0" timestamp="19 Aug 2020 13:49:25 GMT" time="30.927" errors="0">
  <testcase name="userCanRegisterSuccessfully" time="30.927" classname="tests.UserRegistrationDDTusingCSVFileTest"/>
</testsuite> <!-- tests.UserRegistrationDDTusingCSVFileTest -->
