<?xml version="1.0" encoding="UTF-8"?>
<!-- Generated by org.testng.reporters.JUnitReportReporter -->
<testsuite skipped="0" hostname="Hala-samir" name="tests.ContactUsTest" tests="1" failures="0" timestamp="27 Nov 2020 16:39:34 GMT" time="5.907" errors="0">
  <testcase name="contactUsTest" time="5.907" classname="tests.ContactUsTest"/>
</testsuite> <!-- tests.ContactUsTest -->
