<?xml version="1.0" encoding="UTF-8"?>
<!-- Generated by org.testng.reporters.JUnitReportReporter -->
<testsuite skipped="0" hostname="Hala-samir" name="runner.StepRunner" tests="1" failures="0" timestamp="30 Aug 2020 13:46:50 GMT" time="11.872" errors="0">
  <testcase name="runScenario" time="11.872" classname="runner.StepRunner"/>
</testsuite> <!-- runner.StepRunner -->
