<?xml version="1.0" encoding="UTF-8"?>
<!-- Generated by org.testng.reporters.JUnitReportReporter -->
<testsuite skipped="0" hostname="Hala-samir" name="tests.UserRegistrationUsingTDDExcelFileTest" tests="3" failures="0" timestamp="19 Aug 2020 09:28:26 GMT" time="30.404" errors="0">
  <testcase name="userCanRegisterSuccessfully" time="15.104" classname="tests.UserRegistrationUsingTDDExcelFileTest"/>
  <testcase name="userCanRegisterSuccessfully" time="8.272" classname="tests.UserRegistrationUsingTDDExcelFileTest"/>
  <testcase name="userCanRegisterSuccessfully" time="7.028" classname="tests.UserRegistrationUsingTDDExcelFileTest"/>
</testsuite> <!-- tests.UserRegistrationUsingTDDExcelFileTest -->
