<?xml version="1.0" encoding="UTF-8"?>
<!-- Generated by org.testng.reporters.JUnitReportReporter -->
<testsuite skipped="0" hostname="Hala-samir" name="tests.UserRegistrationDDTest" tests="2" failures="0" timestamp="13 Aug 2020 14:28:08 GMT" time="24.946" errors="0">
  <testcase name="userCanRegisterSuccessfully" time="15.116" classname="tests.UserRegistrationDDTest"/>
  <testcase name="userCanRegisterSuccessfully" time="9.830" classname="tests.UserRegistrationDDTest"/>
</testsuite> <!-- tests.UserRegistrationDDTest -->
