<?xml version="1.0" encoding="UTF-8"?>
<!-- Generated by org.testng.reporters.JUnitReportReporter -->
<testsuite skipped="0" hostname="Hala-samir" name="tests.ReviewProductTest" tests="4" failures="0" timestamp="2020-08-05T16:34:57 EET" time="18.215" errors="0">
  <testcase name="userCanRegisterSuccessfully" time="5.280" classname="tests.ReviewProductTest"/>
  <system-out/>
  <testcase name="userSearchForProductsUsingAutoSuggestion" time="7.655" classname="tests.ReviewProductTest"/>
  <system-out/>
  <testcase name="userCanSubmitProductReview" time="3.894" classname="tests.ReviewProductTest"/>
  <system-out/>
  <testcase name="Logout" time="1.386" classname="tests.ReviewProductTest"/>
  <system-out/>
</testsuite> <!-- tests.ReviewProductTest -->
