<?xml version="1.0" encoding="UTF-8"?>
<!-- Generated by org.testng.reporters.JUnitReportReporter -->
<testsuite skipped="0" hostname="Hala-samir" name="tests.UserRegistrationUsingFakerLibraryTest" tests="3" failures="0" timestamp="23 Aug 2020 09:35:27 GMT" time="12.663" errors="0">
  <testcase name="userCanRegisterSuccessfully" time="5.259" classname="tests.UserRegistrationUsingFakerLibraryTest"/>
  <testcase name="Logout" time="2.934" classname="tests.UserRegistrationUsingFakerLibraryTest"/>
  <testcase name="userCanLogin" time="4.470" classname="tests.UserRegistrationUsingFakerLibraryTest"/>
</testsuite> <!-- tests.UserRegistrationUsingFakerLibraryTest -->
