<?xml version="1.0" encoding="UTF-8"?>
<!-- Generated by org.testng.reporters.JUnitReportReporter -->
<testsuite skipped="0" hostname="Hala-samir" name="tests.UserRegistrationDDTusingJSONFileTest" tests="1" failures="0" timestamp="23 Aug 2020 09:03:55 GMT" time="13.211" errors="0">
  <testcase name="userCanRegisterSuccessfully" time="13.211" classname="tests.UserRegistrationDDTusingJSONFileTest"/>
</testsuite> <!-- tests.UserRegistrationDDTusingJSONFileTest -->
