<?xml version="1.0" encoding="UTF-8"?>
<!-- Generated by org.testng.reporters.JUnitReportReporter -->
<testsuite skipped="0" hostname="Hala-samir" name="tests.ContactUsTest" tests="1" failures="0" timestamp="29 Aug 2020 17:00:38 GMT" time="4.419" errors="0">
  <testcase name="contactUsTest" time="4.419" classname="tests.ContactUsTest"/>
</testsuite> <!-- tests.ContactUsTest -->
