<?xml version="1.0" encoding="UTF-8"?>
<!-- Generated by org.testng.reporters.JUnitReportReporter -->
<testsuite skipped="0" hostname="Hala-samir" name="tests.ProductHoverMenuTest" tests="1" failures="0" timestamp="29 Aug 2020 17:00:38 GMT" time="2.849" errors="0">
  <testcase name="userCanSelectSubcateorgyFromMainMenu" time="2.849" classname="tests.ProductHoverMenuTest"/>
</testsuite> <!-- tests.ProductHoverMenuTest -->
